<?xml version="1.0" encoding="UTF-8"?>
<!-- Generated by org.testng.reporters.JUnitReportReporter -->
<testsuite hostname="DESKTOP-KBMLCT9" failures="0" tests="1" name="orangeHRMTestCases.AdminLoginWithValidData" time="2.608" errors="0" timestamp="2023-07-07T11:27:27 IST" skipped="0">
  <testcase classname="orangeHRMTestCases.AdminLoginWithValidData" name="loginWithValidData" time="2.608"/>
</testsuite> <!-- orangeHRMTestCases.AdminLoginWithValidData -->
