<?xml version="1.0" encoding="UTF-8"?>
<!-- Generated by org.testng.reporters.JUnitReportReporter -->
<testsuite hostname="DESKTOP-KBMLCT9" failures="0" tests="1" name="orangeHRMTestCases.NewEmpReG" time="2.998" errors="0" timestamp="2023-07-07T11:27:27 IST" skipped="0">
  <testcase classname="orangeHRMTestCases.NewEmpReG" name="addEmployee" time="2.998"/>
</testsuite> <!-- orangeHRMTestCases.NewEmpReG -->
