<?xml version="1.0" encoding="UTF-8"?>
<!-- Generated by org.testng.reporters.JUnitReportReporter -->
<testsuite hostname="DESKTOP-KBMLCT9" failures="0" tests="1" name="Utils.Apputils" time="7.649" errors="0" timestamp="2023-07-05T11:23:16 IST" skipped="0">
  <testcase classname="Utils.Apputils" name="invokeBrowser" time="7.649"/>
</testsuite> <!-- Utils.Apputils -->
