<?xml version="1.0" encoding="UTF-8"?>
<!-- Generated by org.testng.reporters.JUnitReportReporter -->
<testsuite hostname="DESKTOP-KBMLCT9" failures="0" tests="1" name="orangeHRMTestCases.AdminLoginWithInvaliData" time="0.541" errors="0" timestamp="2023-07-07T11:27:27 IST" skipped="0">
  <testcase classname="orangeHRMTestCases.AdminLoginWithInvaliData" name="loginWithInvalidata" time="0.541"/>
</testsuite> <!-- orangeHRMTestCases.AdminLoginWithInvaliData -->
